<?xml version="1.0" encoding="UTF-8"?>
<coverage generated="1762082174329" clover="3.2.0">
  <project timestamp="1762082174329" name="All files">
    <metrics statements="29" coveredstatements="26" conditionals="5" coveredconditionals="4" methods="7" coveredmethods="7" elements="41" coveredelements="37" complexity="0" loc="29" ncloc="29" packages="1" files="1" classes="1"/>
    <file name="csvParser.ts" path="/home/antonio/git/car-maintenance-app/src/services/csv/csvParser.ts">
      <metrics statements="29" coveredstatements="26" conditionals="5" coveredconditionals="4" methods="7" coveredmethods="7"/>
      <line num="5" count="8" type="stmt"/>
      <line num="6" count="8" type="stmt"/>
      <line num="8" count="7" type="stmt"/>
      <line num="9" count="7" type="cond" truecount="1" falsecount="1"/>
      <line num="10" count="0" type="stmt"/>
      <line num="11" count="0" type="stmt"/>
      <line num="14" count="7" type="stmt"/>
      <line num="18" count="1" type="stmt"/>
      <line num="21" count="6" type="cond" truecount="2" falsecount="0"/>
      <line num="22" count="1" type="stmt"/>
      <line num="23" count="1" type="stmt"/>
      <line num="24" count="1" type="stmt"/>
      <line num="27" count="5" type="stmt"/>
      <line num="28" count="5" type="stmt"/>
      <line num="29" count="5" type="stmt"/>
      <line num="31" count="0" type="stmt"/>
      <line num="37" count="1" type="stmt"/>
      <line num="38" count="1" type="stmt"/>
      <line num="43" count="3" type="stmt"/>
      <line num="44" count="3" type="stmt"/>
      <line num="49" count="3" type="stmt"/>
      <line num="50" count="3" type="stmt"/>
      <line num="52" count="1" type="stmt"/>
      <line num="53" count="1" type="stmt"/>
      <line num="58" count="3" type="stmt"/>
      <line num="59" count="3" type="stmt"/>
      <line num="65" count="3" type="stmt"/>
      <line num="67" count="1" type="stmt"/>
      <line num="68" count="1" type="stmt"/>
    </file>
  </project>
</coverage>
