{"/home/antonio/git/car-maintenance-app/src/services/csv/csvParser.ts": {"path":"/home/antonio/git/car-maintenance-app/src/services/csv/csvParser.ts","statementMap":{"0":{"start":{"line":5,"column":4},"end":{"line":39,"column":null}},"1":{"start":{"line":6,"column":19},"end":{"line":6,"column":null}},"2":{"start":{"line":8,"column":6},"end":{"line":35,"column":null}},"3":{"start":{"line":9,"column":8},"end":{"line":12,"column":null}},"4":{"start":{"line":10,"column":10},"end":{"line":10,"column":null}},"5":{"start":{"line":11,"column":10},"end":{"line":11,"column":null}},"6":{"start":{"line":14,"column":8},"end":{"line":34,"column":null}},"7":{"start":{"line":18,"column":12},"end":{"line":18,"column":null}},"8":{"start":{"line":21,"column":12},"end":{"line":25,"column":null}},"9":{"start":{"line":22,"column":26},"end":{"line":22,"column":null}},"10":{"start":{"line":22,"column":76},"end":{"line":22,"column":87}},"11":{"start":{"line":23,"column":14},"end":{"line":23,"column":null}},"12":{"start":{"line":24,"column":14},"end":{"line":24,"column":null}},"13":{"start":{"line":27,"column":12},"end":{"line":32,"column":null}},"14":{"start":{"line":28,"column":33},"end":{"line":28,"column":null}},"15":{"start":{"line":29,"column":14},"end":{"line":29,"column":null}},"16":{"start":{"line":31,"column":14},"end":{"line":31,"column":null}},"17":{"start":{"line":37,"column":6},"end":{"line":37,"column":null}},"18":{"start":{"line":38,"column":6},"end":{"line":38,"column":null}},"19":{"start":{"line":43,"column":4},"end":{"line":54,"column":null}},"20":{"start":{"line":44,"column":18},"end":{"line":48,"column":null}},"21":{"start":{"line":49,"column":22},"end":{"line":49,"column":null}},"22":{"start":{"line":50,"column":6},"end":{"line":50,"column":null}},"23":{"start":{"line":52,"column":6},"end":{"line":52,"column":null}},"24":{"start":{"line":53,"column":6},"end":{"line":53,"column":null}},"25":{"start":{"line":58,"column":4},"end":{"line":69,"column":null}},"26":{"start":{"line":59,"column":18},"end":{"line":63,"column":null}},"27":{"start":{"line":65,"column":6},"end":{"line":65,"column":null}},"28":{"start":{"line":67,"column":6},"end":{"line":67,"column":null}},"29":{"start":{"line":68,"column":6},"end":{"line":68,"column":null}}},"fnMap":{"0":{"name":"(anonymous_0)","decl":{"start":{"line":4,"column":8},"end":{"line":4,"column":18}},"loc":{"start":{"line":4,"column":74},"end":{"line":40,"column":null}},"line":4},"1":{"name":"(anonymous_1)","decl":{"start":{"line":8,"column":25},"end":{"line":8,"column":26}},"loc":{"start":{"line":8,"column":46},"end":{"line":35,"column":7}},"line":8},"2":{"name":"(anonymous_2)","decl":{"start":{"line":17,"column":17},"end":{"line":17,"column":18}},"loc":{"start":{"line":17,"column":35},"end":{"line":19,"column":null}},"line":17},"3":{"name":"(anonymous_3)","decl":{"start":{"line":20,"column":20},"end":{"line":20,"column":21}},"loc":{"start":{"line":20,"column":49},"end":{"line":33,"column":null}},"line":20},"4":{"name":"(anonymous_4)","decl":{"start":{"line":22,"column":67},"end":{"line":22,"column":68}},"loc":{"start":{"line":22,"column":76},"end":{"line":22,"column":87}},"line":22},"5":{"name":"(anonymous_5)","decl":{"start":{"line":42,"column":2},"end":{"line":42,"column":20}},"loc":{"start":{"line":42,"column":55},"end":{"line":55,"column":null}},"line":42},"6":{"name":"(anonymous_6)","decl":{"start":{"line":57,"column":2},"end":{"line":57,"column":12}},"loc":{"start":{"line":57,"column":49},"end":{"line":70,"column":null}},"line":57}},"branchMap":{"0":{"loc":{"start":{"line":4,"column":30},"end":{"line":4,"column":74}},"type":"default-arg","locations":[{"start":{"line":4,"column":54},"end":{"line":4,"column":74}}],"line":4},"1":{"loc":{"start":{"line":9,"column":8},"end":{"line":12,"column":null}},"type":"if","locations":[{"start":{"line":9,"column":8},"end":{"line":12,"column":null}},{"start":{},"end":{}}],"line":9},"2":{"loc":{"start":{"line":21,"column":12},"end":{"line":25,"column":null}},"type":"if","locations":[{"start":{"line":21,"column":12},"end":{"line":25,"column":null}},{"start":{},"end":{}}],"line":21}},"s":{"0":8,"1":8,"2":7,"3":7,"4":0,"5":0,"6":7,"7":1,"8":6,"9":1,"10":1,"11":1,"12":1,"13":5,"14":5,"15":5,"16":0,"17":1,"18":1,"19":3,"20":3,"21":3,"22":3,"23":1,"24":1,"25":3,"26":3,"27":3,"28":1,"29":1},"f":{"0":8,"1":7,"2":1,"3":6,"4":1,"5":3,"6":3},"b":{"0":[8],"1":[0,7],"2":[1,5]},"meta":{"lastBranch":3,"lastFunction":7,"lastStatement":30,"seen":{"f:4:8:4:18":0,"b:4:54:4:74":0,"s:5:4:39:Infinity":0,"s:6:19:6:Infinity":1,"s:8:6:35:Infinity":2,"f:8:25:8:26":1,"b:9:8:12:Infinity:undefined:undefined:undefined:undefined":1,"s:9:8:12:Infinity":3,"s:10:10:10:Infinity":4,"s:11:10:11:Infinity":5,"s:14:8:34:Infinity":6,"f:17:17:17:18":2,"s:18:12:18:Infinity":7,"f:20:20:20:21":3,"b:21:12:25:Infinity:undefined:undefined:undefined:undefined":2,"s:21:12:25:Infinity":8,"s:22:26:22:Infinity":9,"f:22:67:22:68":4,"s:22:76:22:87":10,"s:23:14:23:Infinity":11,"s:24:14:24:Infinity":12,"s:27:12:32:Infinity":13,"s:28:33:28:Infinity":14,"s:29:14:29:Infinity":15,"s:31:14:31:Infinity":16,"s:37:6:37:Infinity":17,"s:38:6:38:Infinity":18,"f:42:2:42:20":5,"s:43:4:54:Infinity":19,"s:44:18:48:Infinity":20,"s:49:22:49:Infinity":21,"s:50:6:50:Infinity":22,"s:52:6:52:Infinity":23,"s:53:6:53:Infinity":24,"f:57:2:57:12":6,"s:58:4:69:Infinity":25,"s:59:18:63:Infinity":26,"s:65:6:65:Infinity":27,"s:67:6:67:Infinity":28,"s:68:6:68:Infinity":29}}}
}
